============================================================
  Generated by:           Genus(TM) Synthesis Solution 25.12-s067_1
  Generated on:           Jun 18 2026  04:13:08 am
  Module:                 flash_attn_top
  Technology libraries:   sky130_fd_sc_hs__tt_025C_1v80 1.0000000000
                          physical_cells 
  Operating conditions:   typ 
  Interconnect mode:      placement
  Area mode:              physical library
============================================================

Timing
--------

Clock Period 
-------------
clk   5000.0 


  Cost    Critical                 Violating 
 Group   Path Slack      TNS         Paths   
---------------------------------------------
clk         -4967.2   -20204296.5       5650 
default    No paths           0.0            
---------------------------------------------
Total                 -20204296.5       5650 

Instance Count
--------------
Leaf Instance Count             794593 
Physical Instance count              0 
Sequential Instance Count       134935 
Combinational Instance Count    659658 
Hierarchical Instance Count          2 

Area
----
Cell Area                          11175303.110
Physical Cell Area                 0.000
Total Cell Area (Cell+Physical)    11175303.110
Net Area                           8420046.033
Total Area (Cell+Physical+Net)     19595349.143

Floorplan Utilization              83.83%
Max Fanout                         134935 (clk)
Min Fanout                         0 (UNCONNECTED1133)
Average Fanout                     2.7
Terms to net ratio                 3.6900
Terms to instance ratio            3.7468
Runtime                            22840.48837699963 seconds
Elapsed Runtime                    57065 seconds
Genus peak memory usage            14976.04 
Innovus peak memory usage          9054.167969 
Hostname                           sh02lo01

Physical Data
-------------
Total Net Length                   38272936.51 um
Average Net Length                 47.50 um
Routing Congestion                 H: 0.19% V: 0.09%
