============================================================
  Generated by:           Genus(TM) Synthesis Solution 25.12-s067_1
  Generated on:           Jun 18 2026  04:15:35 am
  Module:                 flash_attn_top
  Operating conditions:   typ 
  Interconnect mode:      placement
  Area mode:              physical library
============================================================


Path 1: VIOLATED (-4967 ps) Setup Check with Pin u_flash_core/u_combine/acc_state_q_reg[2][34]/CLK->D
          Group: clk
     Startpoint: (R) u_flash_core/u_combine/m_tile_q_reg[5]/CLK
          Clock: (R) clk
       Endpoint: (F) u_flash_core/u_combine/acc_state_q_reg[2][34]/D
          Clock: (R) clk

                     Capture       Launch     
        Clock Edge:+    5000            0     
       Src Latency:+       0            0     
       Net Latency:+       0 (I)        0 (I) 
           Arrival:=    5000            0     
                                              
             Setup:-     124                  
       Uncertainty:-      62                  
     Required Time:=    4813                  
      Launch Clock:-       0                  
         Data Path:-    9780                  
             Slack:=   -4967                  

#-----------------------------------------------------------------------------------------------------------------------------------------------------------------------------------------------------
#                                        Timing Point                                         Flags    Arc    Edge            Cell              Fanout  Load Trans Delay Arrival       Instance       
#                                                                                                                                                       (fF)  (ps)  (ps)   (ps)        Location       
#-----------------------------------------------------------------------------------------------------------------------------------------------------------------------------------------------------
  u_flash_core/u_combine/m_tile_q_reg[5]/CLK                                                  -       -       R     (arrival)                   134935     -   100     0       0                (-,-) 
  u_flash_core/u_combine/m_tile_q_reg[5]/Q                                                    (@)     CLK->Q  F     sky130_fd_sc_hs__dfrtp_2         2  20.6    50   259     259  (2411.520,2314.350) 
  u_flash_core/u_combine/FE_OFC46606_m_tile_q_5/X                                             (#)     A->X    F     sky130_fd_sc_hs__buf_16          8 147.5    50   121     380  (2422.080,2314.350) 
  u_flash_core/u_combine/g29301/Y                                                             (@)     B->Y    R     sky130_fd_sc_hs__nand2b_2        2  10.7    70    82     462  (2047.680,2304.360) 
  u_flash_core/u_combine/g29200/Y                                                             (@)     A->Y    F     sky130_fd_sc_hs__nand2_1         1   5.3    43    54     516  (2053.440,2304.360) 
  u_flash_core/u_combine/FE_RC_4475_0/Y                                                       (@)     B->Y    R     sky130_fd_sc_hs__nor2_1          1   3.2    67    64     580  (2058.240,2311.020) 
  u_flash_core/u_combine/FE_RC_4474_0/Y                                                       (@)     A->Y    F     sky130_fd_sc_hs__nor2b_1         1   3.4    29    40     620  (2058.720,2311.020) 
  u_flash_core/u_combine/g29149/Y                                                             (@)     B->Y    R     sky130_fd_sc_hs__nand2_1         1   6.6    59    58     678  (2061.120,2311.020) 
  u_flash_core/u_combine/FE_RC_3891_0/Y                                                       (@)     A->Y    F     sky130_fd_sc_hs__nand2_2         1   8.6    40    49     727  (2063.520,2314.350) 
  u_flash_core/u_combine/g29138/Y                                                             (@)     A->Y    R     sky130_fd_sc_hs__nand4_4         2  10.5   125    67     794  (2061.120,2314.350) 
  u_flash_core/u_combine/FE_RC_3745_0/X                                                       (@)     A->X    R     sky130_fd_sc_hs__and2_4          9 106.4   223   236    1030  (2061.120,2314.350) 
  u_flash_core/u_combine/FE_OFC52140_n_389243/Y                                               (@)     A->Y    F     sky130_fd_sc_hs__inv_16         14 105.4    65    60    1090  (2056.800,2324.340) 
  u_flash_core/u_combine/g29096/Y                                                             (@)     A->Y    R     sky130_fd_sc_hs__nand2_2         1   5.7    42    55    1145  (2045.760,2331.000) 
  u_flash_core/u_combine/g29081/Y                                                             (@)     A->Y    F     sky130_fd_sc_hs__nand2_2         4  21.4    75    72    1216  (2043.360,2331.000) 
  u_flash_core/u_combine/WALLACE_CSA_DUMMY_OP3_groupi_g5927/Y                                 (@)     A->Y    R     sky130_fd_sc_hs__nand2_2         5  29.5   127   116    1332  (2043.840,2317.680) 
  u_flash_core/u_combine/WALLACE_CSA_DUMMY_OP3_groupi_g5882/Y                                 (@)     B->Y    F     sky130_fd_sc_hs__nand2_2         1   7.3    45    60    1393  (2040.480,2327.670) 
  u_flash_core/u_combine/WALLACE_CSA_DUMMY_OP3_groupi_g5873/Y                                 (@)     A->Y    R     sky130_fd_sc_hs__nand2_2         3  13.0    67    64    1457  (2038.080,2321.010) 
  u_flash_core/u_combine/WALLACE_CSA_DUMMY_OP3_groupi_g5708/X                                 (@)     A->X    R     sky130_fd_sc_hs__and2_2          1   7.7    42    96    1552  (2035.200,2324.340) 
  u_flash_core/u_combine/FE_RC_3909_0/Y                                                       (@)     B->Y    F     sky130_fd_sc_hs__nand3_2         1   7.2    53    59    1611  (2030.400,2321.010) 
  u_flash_core/u_combine/WALLACE_CSA_DUMMY_OP3_groupi_g5635/Y                                 (@)     B->Y    R     sky130_fd_sc_hs__nand3_2         3  16.6   101    89    1700  (2026.560,2324.340) 
  u_flash_core/u_combine/WALLACE_CSA_DUMMY_OP3_groupi_g5624/Y                                 (@)     A->Y    F     sky130_fd_sc_hs__nand2_2         2  13.6    61    72    1772  (2031.360,2327.670) 
  u_flash_core/u_combine/FE_RC_3896_0/Y                                                       (@)     A->Y    R     sky130_fd_sc_hs__nand2_2         1   7.8    48    57    1829  (2034.720,2337.660) 
  u_flash_core/u_combine/FE_RC_4502_0/Y                                                       (@)     A->Y    F     sky130_fd_sc_hs__nand2_2         1   5.6    30    39    1868  (2040.960,2340.990) 
  u_flash_core/u_combine/FE_RC_4501_0/Y                                                       (@)     B->Y    R     sky130_fd_sc_hs__nand2b_2        3  13.6    82    74    1942  (2038.080,2340.990) 
  u_flash_core/u_combine/WALLACE_CSA_DUMMY_OP3_groupi_g5592/Y                                 (@)     A->Y    F     sky130_fd_sc_hs__nand2_2         2  11.2    58    61    2003  (2033.760,2337.660) 
  u_flash_core/u_combine/WALLACE_CSA_DUMMY_OP3_groupi_g5581/Y                                 (@)     A->Y    R     sky130_fd_sc_hs__nand2_2         1   5.7    48    50    2053  (2037.600,2344.320) 
  u_flash_core/u_combine/WALLACE_CSA_DUMMY_OP3_groupi_g5580/Y                                 (@)     A->Y    F     sky130_fd_sc_hs__nand2_2         1   4.9    28    37    2090  (2035.200,2344.320) 
  u_flash_core/u_combine/FE_RC_4546_0/X                                                       (@)     A->X    F     sky130_fd_sc_hs__and2_4          4  54.1    65   141    2231  (2034.240,2344.320) 
  u_flash_core/u_combine/FE_OFC56309_n_389732/X                                               (@)     A->X    F     sky130_fd_sc_hs__buf_16         10  98.8    40   119    2350  (2031.840,2350.980) 
  u_flash_core/u_combine/g13240__9315/Y                                                       (@)     A->Y    R     sky130_fd_sc_hs__nand2_8         2  29.0    88    84    2434  (1994.880,2340.990) 
  u_flash_core/u_combine/FE_OFC33146_n_389734/Y                                               (@)     A->Y    F     sky130_fd_sc_hs__inv_8          11  57.3    44    55    2490  (2000.640,2334.330) 
  u_flash_core/u_combine/g12811/X                                                             (@)     A->X    F     sky130_fd_sc_hs__and2_4          4  23.8    40   122    2612  (2007.360,2340.990) 
  u_flash_core/u_combine/g12547/Y                                                             (@)     A->Y    R     sky130_fd_sc_hs__nand2_2         3  14.3    71    65    2677  (2009.760,2354.310) 
  u_flash_core/u_combine/g12320/Y                                                             (@)     A->Y    F     sky130_fd_sc_hs__nand2_2         1   5.9    39    45    2721  (2006.880,2364.300) 
  u_flash_core/u_combine/FE_RC_4551_0/Y                                                       (@)     A->Y    R     sky130_fd_sc_hs__nor2_2          1   6.4    69    81    2802  (2006.880,2367.630) 
  u_flash_core/u_combine/g12044/X                                                             (@)     A->X    R     sky130_fd_sc_hs__and2_4          4  45.9   103   144    2947  (1996.800,2367.630) 
  u_flash_core/u_combine/csa_tree_exp_w_226_25_add_156_60_rsh_pad_groupi_g7921/Y              (@)     B->Y    F     sky130_fd_sc_hs__nand2_2         2   9.4    46    63    3010  (2001.600,2370.960) 
  u_flash_core/u_combine/csa_tree_exp_w_226_25_add_156_60_rsh_pad_groupi_g8393/X              (@)     B->X    F     sky130_fd_sc_hs__and2_4          5  48.5    60   141    3151  (1996.800,2370.960) 
  u_flash_core/u_combine/csa_tree_exp_w_226_25_add_156_60_rsh_pad_groupi_g7552/Y              (@)     A->Y    R     sky130_fd_sc_hs__nand2_8         1  31.6   110    91    3242  (1998.240,2374.290) 
  u_flash_core/u_combine/csa_tree_exp_w_226_25_add_156_60_rsh_pad_groupi_g7380/Y              (@)     B->Y    F     sky130_fd_sc_hs__nand2_2         1   8.7    51    63    3305  (1903.680,2384.280) 
  u_flash_core/u_combine/csa_tree_exp_w_226_25_add_156_60_rsh_pad_groupi_cdnfadd_014_0/SUM    (@)     B->SUM  F     sky130_fd_sc_hs__fah_2           1  16.2    72   292    3597  (1889.280,2384.280) 
  u_flash_core/u_combine/csa_tree_exp_w_226_25_add_156_60_rsh_pad_groupi_cdnfadd_014_6/COUT   (@)     B->COUT F     sky130_fd_sc_hs__fah_2           1  13.1    69   283    3880  (1880.160,2350.980) 
  u_flash_core/u_combine/csa_tree_exp_w_226_25_add_156_60_rsh_pad_groupi_cdnfadd_015_9/SUM    (@)     A->SUM  R     sky130_fd_sc_hs__fa_1            1  11.9    98   333    4213  (1896.960,2360.970) 
  u_flash_core/u_combine/csa_tree_exp_w_226_25_add_156_60_rsh_pad_groupi_cdnfadd_015_11/SUM   (@)     A->SUM  F     sky130_fd_sc_hs__fa_1            1   5.0    50   226    4440  (1893.600,2354.310) 
  u_flash_core/u_combine/csa_tree_exp_w_226_25_add_156_60_rsh_pad_groupi_cdnfadd_015_12/SUM   (@)     CI->SUM R     sky130_fd_sc_hs__fah_2           2  22.2   108   276    4716  (1882.560,2354.310) 
  u_flash_core/u_combine/FE_RC_6087_0/X                                                       (@)     A->X    R     sky130_fd_sc_hs__and2_2          2  10.0    50   113    4829  (1913.280,2344.320) 
  u_flash_core/u_combine/FE_RC_8604_0/Y                                                       (@)     A->Y    F     sky130_fd_sc_hs__inv_2           1   3.4    15    23    4852  (1918.560,2347.650) 
  u_flash_core/u_combine/FE_RC_8603_0/X                                                       (@)     B1->X   F     sky130_fd_sc_hs__o21a_2          1  16.2    55   108    4960  (1918.560,2347.650) 
  u_flash_core/u_combine/csa_tree_exp_w_226_25_add_156_60_rsh_pad_groupi_g6917/Y              (@)     A->Y    R     sky130_fd_sc_hs__nand2_8         6  32.7    95    90    5049  (1912.800,2347.650) 
  u_flash_core/u_combine/FE_RC_4482_0/Y                                                       (@)     B->Y    F     sky130_fd_sc_hs__nand2b_2        1   7.1    38    56    5106  (1889.760,2364.300) 
  u_flash_core/u_combine/csa_tree_exp_w_226_25_add_156_60_rsh_pad_groupi_g6892/Y              (@)     A->Y    R     sky130_fd_sc_hs__nand2_2         4  24.3   108    89    5195  (1885.440,2367.630) 
  u_flash_core/u_combine/csa_tree_exp_w_226_25_add_156_60_rsh_pad_groupi_g6788/Y              (@)     A->Y    F     sky130_fd_sc_hs__nand2_2         1  14.2    64    75    5270  (1882.560,2347.650) 
  u_flash_core/u_combine/csa_tree_exp_w_226_25_add_156_60_rsh_pad_groupi_g6784/Y              (@)     A->Y    R     sky130_fd_sc_hs__nand2_2         3  16.3    79    80    5350  (1908.480,2334.330) 
  u_flash_core/u_combine/FE_OCPC69746_csa_tree_exp_w_226_25_add_156_60_rsh_pad_groupi_n_984/X (@)     A->X    R     sky130_fd_sc_hs__buf_4           4  23.0    58   120    5470  (1908.960,2331.000) 
  u_flash_core/u_combine/csa_tree_exp_w_226_25_add_156_60_rsh_pad_groupi_g6781/Y              (@)     A->Y    F     sky130_fd_sc_hs__nand2_2         1   7.7    38    47    5517  (1909.440,2327.670) 
  u_flash_core/u_combine/csa_tree_exp_w_226_25_add_156_60_rsh_pad_groupi_g6775/Y              (@)     A->Y    R     sky130_fd_sc_hs__nand2_2         2  11.8    69    58    5576  (1912.800,2321.010) 
  u_flash_core/u_combine/csa_tree_exp_w_226_25_add_156_60_rsh_pad_groupi_g6770/Y              (@)     A2_N->Y R     sky130_fd_sc_hs__o2bb2ai_2       2   9.3   123    95    5671  (1907.520,2317.680) 
  u_flash_core/u_combine/g25958/Y                                                             (@)     A->Y    F     sky130_fd_sc_hs__nand2_2         1   7.9    60    59    5730  (1910.880,2314.350) 
  u_flash_core/u_combine/g25951/Y                                                             (@)     A->Y    R     sky130_fd_sc_hs__nand2_2         1  17.4    84    81    5811  (1915.680,2307.690) 
  u_flash_core/u_combine/FE_OFC27836_n_391972/X                                               (@)     A->X    R     sky130_fd_sc_hs__buf_16         13 511.3   296   248    6058  (1912.800,2307.690) 
  u_flash_core/u_combine/FE_OFC60653_n_435104/Y                                               (#)     A->Y    F     sky130_fd_sc_hs__inv_16          4 229.4   108   136    6195  (1614.240,2307.690) 
  u_flash_core/u_combine/FE_OFC60665_n_435104/Y                                               (#)     A->Y    R     sky130_fd_sc_hs__inv_16          1  44.2    48    73    6268  (1016.160,2307.690) 
  u_flash_core/u_combine/FE_OCPC70395_FE_OFN2381124_n/Y                                       (#)     A->Y    F     sky130_fd_sc_hs__inv_16          5 311.7    72    54    6322  (1016.640,2307.690) 
  u_flash_core/u_combine/FE_OCPC70649_FE_OFN2363736_n_435104/Y                                (@)     A->Y    R     sky130_fd_sc_hs__inv_16          2  88.0    59   105    6427   (405.120,2307.690) 
  u_flash_core/u_combine/FE_OFC69626_n/Y                                                      (#)     A->Y    F     sky130_fd_sc_hs__inv_16          5  76.3    27    37    6464   (404.160,2307.690) 
  u_flash_core/u_combine/FE_OFC69627_n_dup/X                                                  (#)     A->X    F     sky130_fd_sc_hs__buf_16          3 156.0    52   116    6581   (387.840,2317.680) 
  u_flash_core/u_combine/mul_246_33_I3_g18754/Y                                               (@)     A->Y    R     sky130_fd_sc_hs__nand2_8         2   9.4    54    62    6643   (153.600,2504.160) 
  u_flash_core/u_combine/FE_RC_4318_0/X                                                       (@)     A->X    R     sky130_fd_sc_hs__and2_4          5  24.1    61   110    6753   (151.680,2504.160) 
  u_flash_core/u_combine/mul_246_33_I3_g18027_dup1/X                                          (@)     A->X    R     sky130_fd_sc_hs__and2_4          3  20.5    55   107    6860   (149.760,2510.820) 
  u_flash_core/u_combine/mul_246_33_I3_g17551/Y                                               (@)     A->Y    F     sky130_fd_sc_hs__nand2_1         1   2.9    32    39    6899   (132.960,2530.800) 
  u_flash_core/u_combine/mul_246_33_I3_g17113/X                                               (@)     A->X    F     sky130_fd_sc_hs__and2_2          3  14.1    40    96    6996   (130.560,2530.800) 
  u_flash_core/u_combine/FE_RC_4234_0/Y                                                       (@)     A2_N->Y F     sky130_fd_sc_hs__o2bb2ai_2       2   7.0    42   104    7100   (124.320,2534.130) 
  u_flash_core/u_combine/mul_246_33_I3_g19796/Y                                               (@)     A_N->Y  F     sky130_fd_sc_hs__nand2b_2        1   5.5    32    94    7193   (130.560,2537.460) 
  u_flash_core/u_combine/mul_246_33_I3_g16421/Y                                               (@)     A->Y    R     sky130_fd_sc_hs__nand2_2         3  23.1   104    84    7277   (132.960,2537.460) 
  u_flash_core/u_combine/mul_246_33_I3_g16138/Y                                               (@)     B->Y    F     sky130_fd_sc_hs__nand2_1         1   6.0    49    65    7342   (166.560,2557.440) 
  u_flash_core/u_combine/mul_246_33_I3_g15980/Y                                               (@)     B->Y    R     sky130_fd_sc_hs__nand2_2         3  17.6    84    84    7426   (168.000,2557.440) 
  u_flash_core/u_combine/mul_246_33_I3_g15743/Y                                               (@)     A->Y    F     sky130_fd_sc_hs__clkinv_1        1   3.2    35    51    7477   (198.240,2570.760) 
  u_flash_core/u_combine/mul_246_33_I3_g15437/Y                                               (@)     A->Y    R     sky130_fd_sc_hs__nand2_1         1   6.6    59    55    7532   (199.680,2570.760) 
  u_flash_core/u_combine/mul_246_33_I3_g15420/Y                                               (@)     A->Y    F     sky130_fd_sc_hs__nand2_2         3  13.8    53    60    7592   (202.560,2567.430) 
  u_flash_core/u_combine/mul_246_33_I3_g15185/X                                               (@)     B->X    F     sky130_fd_sc_hs__xnor3_2         3  14.3    90   270    7862   (204.480,2564.100) 
  u_flash_core/u_combine/mul_246_33_I3_g15044_dup/Y                                           (@)     A->Y    R     sky130_fd_sc_hs__nand2_2         1   6.4    46    63    7926   (209.760,2560.770) 
  u_flash_core/u_combine/mul_246_33_I3_g14963/Y                                               (@)     A->Y    F     sky130_fd_sc_hs__nand2_2         1  20.1    71    70    7996   (214.560,2560.770) 
  u_flash_core/u_combine/mul_246_33_I3_g14937/Y                                               (@)     A->Y    R     sky130_fd_sc_hs__nor2_8          3  22.3    85   106    8102   (213.600,2544.120) 
  u_flash_core/u_combine/mul_246_33_I3_g14885/Y                                               (@)     B->Y    F     sky130_fd_sc_hs__nand2_2         2  17.2    64    78    8180   (213.600,2537.460) 
  u_flash_core/u_combine/mul_246_33_I3_g14869_dup/Y                                           (@)     C->Y    R     sky130_fd_sc_hs__nand4_2         3  13.5   108   100    8279   (216.000,2567.430) 
  u_flash_core/u_combine/mul_246_33_I3_g14866/Y                                               (@)     A->Y    F     sky130_fd_sc_hs__inv_2           4  34.1    69    86    8366   (214.080,2580.750) 
  u_flash_core/u_combine/mul_246_33_I3_g14840/Y                                               (@)     A2->Y   R     sky130_fd_sc_hs__o21ai_4         2   9.3   103    98    8463   (216.960,2597.400) 
  u_flash_core/u_combine/mul_246_33_I3_g14826/Y                                               (@)     B->Y    F     sky130_fd_sc_hs__nand2_1         2   6.7    53    68    8531   (218.880,2604.060) 
  u_flash_core/u_combine/FE_RC_5192_0/Y                                                       (@)     A->Y    R     sky130_fd_sc_hs__nand2_1         1   2.9    42    44    8575   (213.120,2604.060) 
  u_flash_core/u_combine/FE_RC_11015_0/Y                                                      (@)     B->Y    F     sky130_fd_sc_hs__nand2b_1        1   5.6    45    51    8626   (212.160,2604.060) 
  u_flash_core/u_combine/FE_RC_11014_0/Y                                                      (@)     A->Y    R     sky130_fd_sc_hs__nand2_2         1  13.3    69    65    8690   (212.640,2604.060) 
  u_flash_core/u_combine/FE_OCPC72189_n_34131/Y                                               (@)     A->Y    F     sky130_fd_sc_hs__inv_4           4  22.0    32    43    8733   (227.040,2604.060) 
  u_flash_core/u_combine/add_308_58_I3_g5882/Y                                                (@)     A->Y    R     sky130_fd_sc_hs__nand2_2         1   5.6    44    41    8774   (235.200,2584.080) 
  u_flash_core/u_combine/add_308_58_I3_g5801/X                                                (@)     B->X    R     sky130_fd_sc_hs__and2_4          2  12.4    40    96    8870   (234.720,2580.750) 
  u_flash_core/u_combine/add_308_58_I3_g5722/Y                                                (@)     A->Y    F     sky130_fd_sc_hs__nand3_2         2  14.1    77    69    8940   (233.760,2574.090) 
  u_flash_core/u_combine/add_308_58_I3_g5675/Y                                                (@)     C->Y    R     sky130_fd_sc_hs__nand3_4         3  24.0   152   152    9092   (228.000,2590.740) 
  u_flash_core/u_combine/add_308_58_I3_g5670/Y                                                (@)     B->Y    F     sky130_fd_sc_hs__nand2_2         3  23.5    90   106    9198   (225.600,2657.340) 
  u_flash_core/u_combine/FE_RC_4790_0/Y                                                       (@)     B->Y    R     sky130_fd_sc_hs__nand2_2         1   8.2    56    77    9275   (224.160,2710.620) 
  u_flash_core/u_combine/FE_RC_4789_0/Y                                                       (@)     A->Y    F     sky130_fd_sc_hs__nand2_2         2  21.0    73    75    9350   (214.080,2717.280) 
  u_flash_core/u_combine/add_308_58_I3_g5629/Y                                                (@)     A->Y    R     sky130_fd_sc_hs__nand2_2         2  10.3    57    69    9419   (174.720,2743.920) 
  u_flash_core/u_combine/FE_RC_3743_0/Y                                                       (@)     A1->Y   F     sky130_fd_sc_hs__a21boi_2        1   8.3    47    56    9475   (170.880,2750.580) 
  u_flash_core/u_combine/FE_RC_7658_0/Y                                                       (@)     A2->Y   R     sky130_fd_sc_hs__o21ai_2         2   8.6   118   107    9582   (162.240,2757.240) 
  u_flash_core/u_combine/FE_RC_13377_0/Y                                                      (@)     A2_N->Y R     sky130_fd_sc_hs__a2bb2oi_2       1   8.4   112   149    9731   (160.800,2757.240) 
  u_flash_core/u_combine/FE_RC_13375_0/Y                                                      (@)     A2->Y   F     sky130_fd_sc_hs__o21bai_2        1   4.3    38    49    9780   (145.920,2757.240) 
  u_flash_core/u_combine/acc_state_q_reg[2][34]/D                                             <<<     -       F     sky130_fd_sc_hs__dfrtp_2         1     -     -     0    9780   (130.080,2763.900) 
#-----------------------------------------------------------------------------------------------------------------------------------------------------------------------------------------------------

(#) : Net either has Non-default Routes or has been promoted to higher metal layers.
(@) : Annotated capacitance.

