============================================================
  Generated by:           Genus(TM) Synthesis Solution 25.12-s067_1
  Generated on:           Jun 19 2026  12:56:38 am
  Module:                 flash_attn_top
  Technology libraries:   sky130_fd_sc_hs__tt_025C_1v80 1.0000000000
                          physical_cells 
  Operating conditions:   typ 
  Interconnect mode:      placement
  Area mode:              physical library
============================================================

Timing
--------

Clock Period 
-------------
clk   5000.0 


  Cost    Critical               Violating 
 Group   Path Slack     TNS        Paths   
-------------------------------------------
clk          -602.7   -118575.2        638 
default    No paths         0.0            
-------------------------------------------
Total                 -118575.2        638 

Instance Count
--------------
Leaf Instance Count             614137 
Physical Instance count              0 
Sequential Instance Count       140736 
Combinational Instance Count    473401 
Hierarchical Instance Count          4 

Area
----
Cell Area                          10190460.139
Physical Cell Area                 0.000
Total Cell Area (Cell+Physical)    10190460.139
Net Area                           8693661.989
Total Area (Cell+Physical+Net)     18884122.128

Floorplan Utilization              75.86%
Max Fanout                         140736 (clk)
Min Fanout                         0 (UNCONNECTED49)
Average Fanout                     3.0
Terms to net ratio                 3.9521
Terms to instance ratio            4.1118
Runtime                            22559.00431899999 seconds
Elapsed Runtime                    38612 seconds
Genus peak memory usage            15066.50 
Innovus peak memory usage          8093.339844 
Hostname                           sh02lo01

Physical Data
-------------
Total Net Length                   39516645.41 um
Average Net Length                 61.96 um
Routing Congestion                 H: 0.19% V: 0.16%
