============================================================
  Generated by:           Genus(TM) Synthesis Solution 25.12-s067_1
  Generated on:           Jun 19 2026  12:58:49 am
  Module:                 flash_attn_top
  Operating conditions:   typ 
  Interconnect mode:      placement
  Area mode:              physical library
============================================================


Path 1: VIOLATED (-603 ps) Setup Check with Pin u_flash_core/u_combine/s1_w_reg[15]/CLK->D
          Group: clk
     Startpoint: (R) u_flash_core/u_combine/m_tile_q_reg[30]/CLK
          Clock: (R) clk
       Endpoint: (R) u_flash_core/u_combine/s1_w_reg[15]/D
          Clock: (R) clk

                     Capture       Launch     
        Clock Edge:+    5000            0     
       Src Latency:+       0            0     
       Net Latency:+       0 (I)     -195 (I) 
           Arrival:=    5000         -195     
                                              
             Setup:-     151                  
       Uncertainty:-      62                  
     Required Time:=    4786                  
      Launch Clock:-    -195                  
         Data Path:-    5584                  
             Slack:=    -603                  

#-----------------------------------------------------------------------------------------------------------------------------------------------------------------------------------------------------------------------------------------------
#                                                             Timing Point                                                              Flags     Arc    Edge            Cell              Fanout  Load Trans Delay Arrival       Instance      
#                                                                                                                                                                                                  (fF)  (ps)  (ps)   (ps)        Location      
#-----------------------------------------------------------------------------------------------------------------------------------------------------------------------------------------------------------------------------------------------
  u_flash_core/u_combine/m_tile_q_reg[30]/CLK                                                                                           -       -        R     (arrival)                   140736     -   100     0    -195               (-,-) 
  u_flash_core/u_combine/m_tile_q_reg[30]/Q                                                                                             (@)     CLK->Q   F     sky130_fd_sc_hs__dfrtp_2         2  36.5    75   283      88  (2864.160,439.560) 
  u_flash_core/u_combine/FE_RC_18063_0/Y                                                                                                (@)     A->Y     R     sky130_fd_sc_hs__nand2_2         1  14.0    71    81     168  (2781.600,422.910) 
  u_flash_core/u_combine/FE_RC_18058_0/Y                                                                                                (@)     B1->Y    F     sky130_fd_sc_hs__o21ai_2         1   7.2    42    55     224  (2736.000,426.240) 
  u_flash_core/u_combine/FE_RC_15319_0/Y                                                                                                (@)     B1->Y    R     sky130_fd_sc_hs__a31oi_2         1   5.1   100    96     320  (2735.520,439.560) 
  u_flash_core/u_combine/FE_RC_26_0/Y                                                                                                   (@)     B->Y     F     sky130_fd_sc_hs__nor2_2          1   9.0    48    67     386  (2736.960,436.230) 
  u_flash_core/u_combine/FE_RC_25_0/Y                                                                                                   (@)     B->Y     R     sky130_fd_sc_hs__nor2_4          2  16.1    96    87     473  (2736.960,436.230) 
  u_flash_core/u_combine/gt_246_36_g5058/Y                                                                                              (@)     B->Y     F     sky130_fd_sc_hs__nand2_1         2   6.6    51    67     540  (2768.160,436.230) 
  u_flash_core/u_combine/gt_246_36_g5057/Y                                                                                              (@)     B->Y     R     sky130_fd_sc_hs__nand2_1         1   4.3    46    56     596  (2773.440,436.230) 
  u_flash_core/u_combine/FE_OFC32926_gt_246_36_n_140/X                                                                                  (@)     A->X     R     sky130_fd_sc_hs__buf_4           6  61.0   132   160     756  (2773.920,436.230) 
  u_flash_core/u_combine/FE_OCPC64357_n_431509/Y                                                                                        (@)     A->Y     F     sky130_fd_sc_hs__inv_8          11  81.5    66    73     829  (2771.520,442.890) 
  u_flash_core/u_combine/FE_OCPC64360_n_431509/X                                                                                        (@)     A->X     F     sky130_fd_sc_hs__buf_16         13 103.5    40   125     954  (2743.680,422.910) 
  u_flash_core/u_combine/FE_RC_3_0/Y                                                                                                    (@)     B2->Y    R     sky130_fd_sc_hs__o2bb2ai_4       7  32.4   196   166    1120  (2733.120,412.920) 
  u_flash_core/u_combine/WALLACE_CSA_DUMMY_OP3_groupi_g3783/X                                                                           (@)     A->X     R     sky130_fd_sc_hs__and2_4          3  20.0    57   132    1252  (2735.520,442.890) 
  u_flash_core/u_combine/FE_RC_15431_0/Y                                                                                                (@)     A->Y     F     sky130_fd_sc_hs__inv_2           1   8.6    25    35    1288  (2733.600,489.510) 
  u_flash_core/u_combine/FE_RC_15430_0/Y                                                                                                (@)     B1->Y    R     sky130_fd_sc_hs__a21oi_4         2  10.4   100    87    1375  (2729.760,489.510) 
  u_flash_core/u_combine/WALLACE_CSA_DUMMY_OP3_groupi_g3528/Y                                                                           (@)     A->Y     F     sky130_fd_sc_hs__nand2_2         1   5.6    40    48    1423  (2725.920,492.840) 
  u_flash_core/u_combine/WALLACE_CSA_DUMMY_OP3_groupi_g3484/Y                                                                           (@)     A->Y     R     sky130_fd_sc_hs__nand2_2         2   8.7    52    52    1474  (2723.520,492.840) 
  u_flash_core/u_combine/WALLACE_CSA_DUMMY_OP3_groupi_g3445/Y                                                                           (@)     A1->Y    F     sky130_fd_sc_hs__a21boi_2        1   6.7    45    51    1525  (2718.240,496.170) 
  u_flash_core/u_combine/WALLACE_CSA_DUMMY_OP3_groupi_g3429/Y                                                                           (@)     A2->Y    R     sky130_fd_sc_hs__o21ai_2         3  13.9   155   135    1660  (2711.520,496.170) 
  u_flash_core/u_combine/FE_RC_15808_0/Y                                                                                                (@)     A1->Y    F     sky130_fd_sc_hs__a21boi_2        2   7.8    64    78    1738  (2709.600,496.170) 
  u_flash_core/u_combine/WALLACE_CSA_DUMMY_OP3_groupi_g2/X                                                                              (@)     B->X     F     sky130_fd_sc_hs__and2_2          1   7.1    28   110    1848  (2711.040,506.160) 
  u_flash_core/u_combine/WALLACE_CSA_DUMMY_OP3_groupi_g3336_dup/Y                                                                       (@)     A->Y     R     sky130_fd_sc_hs__nand2_2         2   7.1    63    42    1890  (2705.280,502.830) 
  u_flash_core/u_combine/WALLACE_CSA_DUMMY_OP3_groupi_g3304/Y                                                                           (@)     A->Y     F     sky130_fd_sc_hs__nand2_1         1   5.9    49    55    1945  (2704.320,502.830) 
  u_flash_core/u_combine/WALLACE_CSA_DUMMY_OP3_groupi_g3298/Y                                                                           (@)     A->Y     R     sky130_fd_sc_hs__nand2_2         2  11.5    65    62    2006  (2704.320,499.500) 
  u_flash_core/u_combine/WALLACE_CSA_DUMMY_OP3_groupi_g3282/Y                                                                           (@)     A2_N->Y  R     sky130_fd_sc_hs__o2bb2ai_2       2  13.9   155   108    2114  (2706.720,499.500) 
  u_flash_core/u_combine/g53013/Y                                                                                                       (@)     A->Y     F     sky130_fd_sc_hs__nor2_4          1   7.1    51    68    2183  (2720.160,502.830) 
  u_flash_core/u_combine/g52156/Y                                                                                                       (@)     B->Y     R     sky130_fd_sc_hs__nand3_2         1  20.0   117    97    2280  (2723.520,506.160) 
  u_flash_core/u_combine/g51506/Y                                                                                                       (@)     B->Y     F     sky130_fd_sc_hs__nor2_4          2  10.6    42    56    2336  (2755.200,532.800) 
  u_flash_core/u_combine/g50048_dup/X                                                                                                   (@)     A->X     F     sky130_fd_sc_hs__and2_4          1  18.0    34   114    2450  (2750.880,532.800) 
  u_flash_core/u_combine/FE_OFC31880_n_432018/X                                                                                         (@)     A->X     F     sky130_fd_sc_hs__buf_16         31 163.1    55   115    2564  (2751.360,532.800) 
  u_flash_core/u_combine/g49676/X                                                                                                       (@)     A->X     F     sky130_fd_sc_hs__and2_4          2  11.6    28   124    2688  (2706.720,576.090) 
  u_flash_core/u_combine/g49266/Y                                                                                                       (@)     A->Y     R     sky130_fd_sc_hs__nand2_2         2  16.9    82    68    2756  (2709.120,576.090) 
  u_flash_core/u_combine/g49092_dup/Y                                                                                                   (@)     A->Y     F     sky130_fd_sc_hs__nand2_2         3  14.6    59    69    2825  (2715.360,589.410) 
  u_flash_core/u_combine/csa_tree_exp_w_247_25_add_156_60_rsh_pad_Y_csa_tree_exp_w_248_25_add_156_60_rsh_pad_groupi_g13255/X            (@)     A->X     F     sky130_fd_sc_hs__and2_4          1  21.7    38   124    2949  (2715.840,592.740) 
  u_flash_core/u_combine/FE_OFC56873_csa_tree_exp_w_247_25_add_156_60_rsh_pad_Y_csa_tree_exp_w_248_25_add_156_60_rsh_pad_groupi_n_181/Y (@)     A->Y     R     sky130_fd_sc_hs__inv_8           8  55.7    70    70    3018  (2717.280,592.740) 
  u_flash_core/u_combine/FE_RC_15507_0/Y                                                                                                (@)     A->Y     F     sky130_fd_sc_hs__nand3_4         1   6.1    43    44    3062  (2728.800,602.730) 
  u_flash_core/u_combine/csa_tree_exp_w_247_25_add_156_60_rsh_pad_Y_csa_tree_exp_w_248_25_add_156_60_rsh_pad_groupi_g12366/Y            (@)     B1->Y    R     sky130_fd_sc_hs__o21ai_2         2  11.2   134    60    3122  (2731.200,602.730) 
  u_flash_core/u_combine/csa_tree_exp_w_247_25_add_156_60_rsh_pad_Y_csa_tree_exp_w_248_25_add_156_60_rsh_pad_groupi_g13546/X            (@)     C->X     F     sky130_fd_sc_hs__xor3_2          2  21.8   106   254    3376  (2744.640,606.060) 
  u_flash_core/u_combine/csa_tree_exp_w_247_25_add_156_60_rsh_pad_Y_csa_tree_exp_w_248_25_add_156_60_rsh_pad_groupi_g11809/X            (@)     B->X     F     sky130_fd_sc_hs__xnor3_2         1  15.5    92   293    3669  (2722.560,642.690) 
  u_flash_core/u_combine/csa_tree_exp_w_247_25_add_156_60_rsh_pad_Y_csa_tree_exp_w_248_25_add_156_60_rsh_pad_groupi_g11591/SUM          (@)     CIN->SUM R     sky130_fd_sc_hs__fa_1            1  10.7    90   306    3975  (2687.520,646.020) 
  u_flash_core/u_combine/csa_tree_exp_w_247_25_add_156_60_rsh_pad_Y_csa_tree_exp_w_248_25_add_156_60_rsh_pad_groupi_g11495/SUM          (@)     CIN->SUM F     sky130_fd_sc_hs__fa_1            2   8.5    64   261    4236  (2671.680,649.350) 
  u_flash_core/u_combine/FE_RC_17418_0/Y                                                                                                (@)     B->Y     F     sky130_fd_sc_hs__xnor2_1         2   8.7    78   135    4371  (2666.400,649.350) 
  u_flash_core/u_combine/FE_RC_18357_0/Y                                                                                                (@)     B->Y     R     sky130_fd_sc_hs__nand2b_2        4  21.2   115   114    4484  (2663.040,649.350) 
  u_flash_core/u_combine/fopt590958/Y                                                                                                   (@)     A->Y     F     sky130_fd_sc_hs__inv_2           3  18.4    51    64    4549  (2659.200,652.680) 
  u_flash_core/u_combine/csa_tree_exp_w_247_25_add_156_60_rsh_pad_Y_csa_tree_exp_w_248_25_add_156_60_rsh_pad_groupi_g11305_dup1/Y       (@)     A1->Y    R     sky130_fd_sc_hs__o211ai_2        1   5.3   113   128    4677  (2649.120,649.350) 
  u_flash_core/u_combine/FE_RC_17427_0/Y                                                                                                (@)     B->Y     F     sky130_fd_sc_hs__nand2_1         1   6.5    53    69    4746  (2654.880,659.340) 
  u_flash_core/u_combine/FE_RC_17426_0/Y                                                                                                (@)     A->Y     R     sky130_fd_sc_hs__nand3_2         1   6.1    55    62    4808  (2659.200,659.340) 
  u_flash_core/u_combine/FE_RC_17425_0/Y                                                                                                (@)     A->Y     F     sky130_fd_sc_hs__nand2_2         2  12.1    53    55    4863  (2659.680,662.670) 
  u_flash_core/u_combine/csa_tree_exp_w_247_25_add_156_60_rsh_pad_Y_csa_tree_exp_w_248_25_add_156_60_rsh_pad_groupi_g11284/Y            (@)     A->Y     R     sky130_fd_sc_hs__nand2_2         3  20.2    94    85    4948  (2652.480,666.000) 
  u_flash_core/u_combine/csa_tree_exp_w_247_25_add_156_60_rsh_pad_Y_csa_tree_exp_w_248_25_add_156_60_rsh_pad_groupi_g11279/Y            (@)     A->Y     F     sky130_fd_sc_hs__nand2_4         1   6.3    34    38    4986  (2652.000,672.660) 
  u_flash_core/u_combine/FE_RC_17440_0/Y                                                                                                (@)     A1->Y    R     sky130_fd_sc_hs__a21boi_2        1   3.9    82    82    5068  (2653.920,679.320) 
  u_flash_core/u_combine/FE_RC_17403_0/Y                                                                                                (@)     B->Y     F     sky130_fd_sc_hs__nand2_1         1   5.4    43    58    5126  (2652.480,675.990) 
  u_flash_core/u_combine/g9125/Y                                                                                                        (@)     A->Y     R     sky130_fd_sc_hs__nand2_2         1  17.5    86    74    5200  (2652.480,675.990) 
  u_flash_core/u_combine/FE_OFC36828_n_434179/X                                                                                         (#)     A->X     R     sky130_fd_sc_hs__buf_16          1 283.5   169   176    5376  (2652.960,675.990) 
  u_flash_core/u_combine/s1_w_reg[15]/D                                                                                                 <<<     -        R     sky130_fd_sc_hs__dfrtp_2         1     -     -    13    5389  (1632.480,829.170) 
#-----------------------------------------------------------------------------------------------------------------------------------------------------------------------------------------------------------------------------------------------

(#) : Net either has Non-default Routes or has been promoted to higher metal layers.
(@) : Annotated capacitance.

