============================================================
  Generated by:           Genus(TM) Synthesis Solution 25.12-s067_1
  Generated on:           Jun 21 2026  02:04:31 am
  Module:                 flash_attn_top
  Technology libraries:   sky130_fd_sc_hs__tt_025C_1v80 1.0000000000
                          physical_cells 
  Operating conditions:   typ 
  Interconnect mode:      placement
  Area mode:              physical library
============================================================

Timing
--------

Clock Period 
-------------
clk   5000.0 


  Cost    Critical         Violating 
 Group   Path Slack  TNS     Paths   
-------------------------------------
clk             4.8   0.0          0 
default    No paths   0.0            
-------------------------------------
Total                 0.0          0 

Instance Count
--------------
Leaf Instance Count             483713 
Physical Instance count              0 
Sequential Instance Count       107713 
Combinational Instance Count    376000 
Hierarchical Instance Count          4 

Area
----
Cell Area                          7870281.840
Physical Cell Area                 0.000
Total Cell Area (Cell+Physical)    7870281.840
Net Area                           6146271.201
Total Area (Cell+Physical+Net)     14016553.041

Floorplan Utilization              75.36%
Max Fanout                         107713 (clk)
Min Fanout                         0 (UNCONNECTED148)
Average Fanout                     2.8
Terms to net ratio                 3.8317
Terms to instance ratio            4.0241
Runtime                            15159.069059999947 seconds
Elapsed Runtime                    32079 seconds
Genus peak memory usage            12273.38 
Innovus peak memory usage          7095.527344 
Hostname                           sh02lo01

Physical Data
-------------
Total Net Length                   27937596.37 um
Average Net Length                 55.13 um
Routing Congestion                 H: 0.17% V: 0.10%
