============================================================
  Generated by:           Genus(TM) Synthesis Solution 25.12-s067_1
  Generated on:           Jun 21 2026  02:06:09 am
  Module:                 flash_attn_top
  Operating conditions:   typ 
  Interconnect mode:      placement
  Area mode:              physical library
============================================================


Path 1: MET (5 ps) Setup Check with Pin v_buf2_reg[9][57][9]/CLK->D
          Group: clk
     Startpoint: (R) m_axi_rvalid
          Clock: (R) clk
       Endpoint: (R) v_buf2_reg[9][57][9]/D
          Clock: (R) clk

                     Capture       Launch     
        Clock Edge:+    5000            0     
        Drv Adjust:+       0            0     
       Src Latency:+       0            0     
       Net Latency:+       0 (I)        0 (I) 
           Arrival:=    5000            0     
                                              
             Setup:-      68                  
       Uncertainty:-      62                  
     Required Time:=    4870                  
      Launch Clock:-       0                  
       Input Delay:-    1500                  
         Data Path:-    3365                  
             Slack:=       5                  

Exceptions/Constraints:
  input_delay             1500            default_emulate_cons_line_890   

#--------------------------------------------------------------------------------------------------------------------------------------------
#             Timing Point              Flags   Arc   Edge            Cell             Fanout  Load Trans Delay Arrival       Instance       
#                                                                                              (fF)  (ps)  (ps)   (ps)        Location       
#--------------------------------------------------------------------------------------------------------------------------------------------
  m_axi_rvalid                          (@)     -     R     (arrival)                       2  78.4   200     0    1500                (-,-) 
  u_axi_master_read/g3430/Y             (@)     B->Y  F     sky130_fd_sc_hs__nand2b_2       2   8.5    55    84    1584  (1496.640,2910.420) 
  u_axi_master_read/FE_OFC30483_n_172/Y (@)     A->Y  R     sky130_fd_sc_hs__inv_2          1  16.1    60    67    1651  (1494.240,2910.420) 
  g2920/Y                               (@)     A->Y  F     sky130_fd_sc_hs__nand2_8        7  67.1   134    74    1726  (1487.520,2910.420) 
  g1465185/X                            (@)     B->X  F     sky130_fd_sc_hs__or2_2          5  18.4    64   195    1920  (1362.240,2907.090) 
  g1465385/Y                            (@)     B->Y  R     sky130_fd_sc_hs__nor2_1         3  15.3   245   176    2097  (1363.200,2910.420) 
  g3774/Y                               (@)     A->Y  F     sky130_fd_sc_hs__inv_2          4  24.0    86    95    2192  (1363.680,2913.750) 
  g3734/X                               (@)     B->X  F     sky130_fd_sc_hs__or2_1          1   4.5    37   128    2320  (1365.120,2927.070) 
  FE_OFC17600_n_1901962/X               (@)     A->X  F     sky130_fd_sc_hs__buf_4          2 210.0   189   194    2514  (1365.600,2927.070) 
  g3691/Y                               (@)     A->Y  R     sky130_fd_sc_hs__nand2_2        1   8.4    92   206    2720  (1351.200,1841.490) 
  FE_OFC18658_n_1902226/Y               (@)     A->Y  F     sky130_fd_sc_hs__bufinv_16     14 411.6    80   165    2885  (1351.680,1841.490) 
  FE_OFC18659_n_1902226/Y               (@)     A->Y  R     sky130_fd_sc_hs__inv_8         27 421.9   529   266    3151  (1100.640,1824.840) 
  g4288/Y                               (@)     A->Y  F     sky130_fd_sc_hs__nand2_1       12 105.6   594   780    3931   (726.240,1545.120) 
  FE_OFC21451_n_2091072/Y               (@)     A->Y  R     sky130_fd_sc_hs__inv_2         22 218.1   739   705    4636   (708.960,1491.840) 
  g339537/X                             (@)     A1->X R     sky130_fd_sc_hs__a22o_1         1   3.2    54   229    4865   (831.360,1351.980) 
  v_buf2_reg[9][57][9]/D                <<<     -     R     sky130_fd_sc_hs__dfxtp_1        1     -     -     0    4865   (834.720,1351.980) 
#--------------------------------------------------------------------------------------------------------------------------------------------

(@) : Annotated capacitance.

