============================================================
  Generated by:           Genus(TM) Synthesis Solution 25.12-s067_1
  Generated on:           Jun 07 2026  06:26:39 am
  Module:                 flash_attn_top
  Technology libraries:   sky130_fd_sc_hs__tt_025C_1v80 1.0000000000
                          physical_cells 
  Operating conditions:   typ 
  Interconnect mode:      placement
  Area mode:              physical library
============================================================

Timing
--------

Clock Period 
-------------
clk   8000.0 


  Cost    Critical         Violating 
 Group   Path Slack  TNS     Paths   
-------------------------------------
clk             1.3   0.0          0 
default    No paths   0.0            
-------------------------------------
Total                 0.0          0 

Instance Count
--------------
Leaf Instance Count             422051 
Physical Instance count              0 
Sequential Instance Count        94804 
Combinational Instance Count    327247 
Hierarchical Instance Count          4 

Area
----
Cell Area                          7918810.862
Physical Cell Area                 0.000
Total Cell Area (Cell+Physical)    7918810.862
Net Area                           6315329.605
Total Area (Cell+Physical+Net)     14234140.467

Floorplan Utilization              72.16%
Max Fanout                         94804 (clk)
Min Fanout                         0 (UNCONNECTED223)
Average Fanout                     3.0
Terms to net ratio                 3.9744
Terms to instance ratio            4.3051
Runtime                            16050.550007999907 seconds
Elapsed Runtime                    32535 seconds
Genus peak memory usage            12552.43 
Innovus peak memory usage          6937.472656 
Hostname                           sh02lo01

Physical Data
-------------
Total Net Length                   28706043.66 um
Average Net Length                 62.96 um
Routing Congestion                 H: 0.21% V: 0.45%
