============================================================
  Generated by:           Genus(TM) Synthesis Solution 25.12-s067_1
  Generated on:           Jun 06 2026  05:29:48 am
  Module:                 flash_attn_top
  Operating conditions:   typ 
  Interconnect mode:      placement
  Area mode:              physical library
============================================================


Path 1: MET (2 ps) Setup Check with Pin u_flash_core/u_dot_product_dot_reg[35]/CLK->SCD
          Group: clk
     Startpoint: (R) u_flash_core/u_dot_product_tree_chunk_q_reg[0]/CLK
          Clock: (R) clk
       Endpoint: (F) u_flash_core/u_dot_product_dot_reg[35]/SCD
          Clock: (R) clk

                     Capture       Launch     
        Clock Edge:+    8000            0     
       Src Latency:+       0            0     
       Net Latency:+       0 (I)        0 (I) 
           Arrival:=    8000            0     
                                              
             Setup:-     269                  
       Uncertainty:-     100                  
     Required Time:=    7631                  
      Launch Clock:-       0                  
         Data Path:-    7629                  
             Slack:=       2                  

#------------------------------------------------------------------------------------------------------------------------------------------------------------------------------------------
#                                   Timing Point                                    Flags     Arc    Edge           Cell             Fanout  Load Trans Delay Arrival       Instance       
#                                                                                                                                            (fF)  (ps)  (ps)   (ps)        Location       
#------------------------------------------------------------------------------------------------------------------------------------------------------------------------------------------
  u_flash_core/u_dot_product_tree_chunk_q_reg[0]/CLK                                -       -        R     (arrival)                  94419     -   100     0       0                (-,-) 
  u_flash_core/u_dot_product_tree_chunk_q_reg[0]/Q_N                                (@)     CLK->Q_N F     sky130_fd_sc_hs__dfrbp_2       2  11.2    62   224     224  (2770.560,1551.780) 
  u_flash_core/FE_RC_13441_0/Y                                                      (@)     A->Y     R     sky130_fd_sc_hs__inv_2         2  19.8    72    78     302  (2782.560,1551.780) 
  u_flash_core/FE_OFC35965_n_1182278/Y                                              (@)     A->Y     F     sky130_fd_sc_hs__inv_4         1  44.3    49    61     362  (2784.000,1551.780) 
  u_flash_core/FE_OCPC41396_FE_OFN1305517_n_1182278/Y                               (#)     A->Y     R     sky130_fd_sc_hs__inv_16        1 153.3    91    82     444  (2784.480,1551.780) 
  u_flash_core/FE_OCPC41397_FE_OFN1305517_n_1182278/Y                               (#)     A->Y     F     sky130_fd_sc_hs__inv_16        4 188.0    57    70     514  (2782.080,2081.250) 
  u_flash_core/FE_OFC35968_n_1182278/Y                                              (#)     A->Y     R     sky130_fd_sc_hs__inv_16        9 230.8   134   120     634  (2779.680,2384.280) 
  u_flash_core/FE_OCPC46732_FE_OFN1333485_n/X                                       (@)     A->X     R     sky130_fd_sc_hs__buf_16        6  88.9    64   134     768  (2790.240,2987.010) 
  u_flash_core/FE_OFC7034_n_1300887_dup/X                                           (@)     A->X     R     sky130_fd_sc_hs__buf_16       47 280.7   177   162     930  (2619.360,2980.350) 
  u_flash_core/g640447/Y                                                            (@)     B->Y     F     sky130_fd_sc_hs__nand2_1       1   6.2    64   118    1048  (2492.160,2983.680) 
  u_flash_core/g32898/Y                                                             (@)     B1->Y    R     sky130_fd_sc_hs__o21ai_2       1  17.8   184    85    1133  (2493.600,2983.680) 
  u_flash_core/FE_OFC40398_u_dot_product_csa_tree_add_87_54_I5_I1_groupi_n_2458/X   (#)     A->X     R     sky130_fd_sc_hs__buf_16       11 289.5   178   180    1313  (2494.560,2983.680) 
  u_flash_core/u_dot_product_csa_tree_add_87_54_I5_I1_groupi_g801526/Y              (@)     A_N->Y   R     sky130_fd_sc_hs__nand2b_1      1   4.1    63   145    1458  (2990.400,2384.280) 
  u_flash_core/u_dot_product_csa_tree_add_87_54_I5_I1_groupi_g786364/Y              (@)     A->Y     F     sky130_fd_sc_hs__nand2_1       2   7.7    53    62    1520  (2993.760,2380.950) 
  u_flash_core/u_dot_product_csa_tree_add_87_54_I5_I1_groupi_g774844/Y              (@)     A->Y     R     sky130_fd_sc_hs__nand2_1       1   6.7    88    62    1582  (3002.400,2380.950) 
  u_flash_core/u_dot_product_csa_tree_add_87_54_I5_I1_groupi_g774259/Y              (@)     B->Y     F     sky130_fd_sc_hs__nand2_2       1   8.9    43    59    1641  (3002.400,2374.290) 
  u_flash_core/FE_OFC31253_u_dot_product_csa_tree_add_87_54_I5_I1_groupi_n_17203/X  (@)     A->X     F     sky130_fd_sc_hs__buf_8         3  90.3    62   122    1763  (3002.880,2374.290) 
  u_flash_core/u_dot_product_csa_tree_add_87_54_I5_I1_groupi_g800469/X              (@)     A->X     F     sky130_fd_sc_hs__xor2_2        2   7.2    60   182    1945  (3001.440,1981.350) 
  u_flash_core/FE_RC_374_0/Y                                                        (@)     A->Y     R     sky130_fd_sc_hs__inv_1         1   4.0    38    48    1993  (3002.400,1981.350) 
  u_flash_core/FE_RC_373_0/Y                                                        (@)     B->Y     F     sky130_fd_sc_hs__nand2_1       1   8.7    56    62    2054  (3001.920,1974.690) 
  u_flash_core/FE_RC_370_0/Y                                                        (@)     B->Y     R     sky130_fd_sc_hs__nand2_4       4  43.3   204   170    2224  (3001.920,1974.690) 
  u_flash_core/FE_RC_16541_0/Y                                                      (@)     A_N->Y   R     sky130_fd_sc_hs__nand2b_2      1   5.4    51   116    2341  (2908.320,1961.370) 
  u_flash_core/FE_RC_16540_0/Y                                                      (@)     A->Y     F     sky130_fd_sc_hs__nand2_2       2  10.1    42    50    2391  (2908.320,1961.370) 
  u_flash_core/FE_RC_16539_0/X                                                      (@)     A1->X    F     sky130_fd_sc_hs__a21o_4        2  15.9    43   166    2557  (2908.320,1961.370) 
  u_flash_core/FE_OCPC45367_u_dot_product_csa_tree_add_87_54_I5_I1_groupi_n_27601/X (@)     A->X     F     sky130_fd_sc_hs__buf_8         2  54.9    45   112    2669  (2908.320,1961.370) 
  u_flash_core/FE_RC_1381_0/Y                                                       (@)     B1->Y    R     sky130_fd_sc_hs__o21ai_2       1   5.5    92    52    2720  (2808.000,1844.820) 
  u_flash_core/FE_RC_1380_0/Y                                                       (@)     A->Y     F     sky130_fd_sc_hs__nand2_2       2  16.0    64    75    2795  (2808.000,1844.820) 
  u_flash_core/u_dot_product_csa_tree_add_87_54_I5_I1_groupi_g761901/X              (@)     B->X     F     sky130_fd_sc_hs__xor3_1        1   4.4    69   223    3018  (2808.960,1834.830) 
  u_flash_core/FE_OCPC45791_u_dot_product_csa_tree_add_87_54_I5_I1_groupi_n_29749/X (@)     A->X     F     sky130_fd_sc_hs__buf_4         3  34.1    46   124    3142  (2808.960,1834.830) 
  u_flash_core/u_dot_product_csa_tree_add_87_54_I5_I1_groupi_g760953/X              (@)     B->X     F     sky130_fd_sc_hs__xnor3_2       4  22.3   105   294    3437  (2810.400,1758.240) 
  u_flash_core/FE_RC_9447_0/Y                                                       (@)     A_N->Y   F     sky130_fd_sc_hs__nand2b_4      1   5.6    37   102    3539  (2823.840,1758.240) 
  u_flash_core/FE_RC_9445_0/Y                                                       (@)     A->Y     R     sky130_fd_sc_hs__nand2_2       2  11.3    60    56    3596  (2823.840,1758.240) 
  u_flash_core/FE_RC_9444_0/Y                                                       (@)     A->Y     F     sky130_fd_sc_hs__inv_2         1   6.3    22    31    3626  (2823.840,1758.240) 
  u_flash_core/FE_RC_9443_0/Y                                                       (@)     A2->Y    R     sky130_fd_sc_hs__o22ai_2       1   6.7   147   110    3737  (2823.840,1758.240) 
  u_flash_core/u_dot_product_csa_tree_add_87_54_I5_I1_groupi_g760491/COUT           (@)     A->COUT  R     sky130_fd_sc_hs__fah_2         3  15.6    86   307    4044  (2821.440,1751.580) 
  u_flash_core/FE_RC_14453_0/Y                                                      (@)     A->Y     F     sky130_fd_sc_hs__inv_2         1  20.3    46    61    4105  (2833.920,1751.580) 
  u_flash_core/FE_RC_14452_0/Y                                                      (@)     A1->Y    R     sky130_fd_sc_hs__o21ai_2       2  14.4   158   156    4261  (2766.240,1754.910) 
  u_flash_core/FE_RC_461_0/Y                                                        (@)     A->Y     F     sky130_fd_sc_hs__inv_2         1   3.1    30    26    4287  (2766.240,1754.910) 
  u_flash_core/FE_RC_460_0/Y                                                        (@)     A->Y     R     sky130_fd_sc_hs__nand2_1       1   3.0    47    37    4324  (2766.240,1754.910) 
  u_flash_core/FE_RC_459_0/Y                                                        (@)     B->Y     F     sky130_fd_sc_hs__nand2_1       1   5.5    41    51    4375  (2766.240,1754.910) 
  u_flash_core/FE_OCPC44077_u_dot_product_csa_tree_add_87_54_I5_I1_groupi_n_32178/Y (@)     A->Y     R     sky130_fd_sc_hs__inv_2         3  24.6    88    80    4455  (2766.720,1754.910) 
  u_flash_core/FE_OCPC44078_u_dot_product_csa_tree_add_87_54_I5_I1_groupi_n_32178/Y (@)     A->Y     F     sky130_fd_sc_hs__inv_2         1   2.9    21    24    4479  (2735.040,1744.920) 
  u_flash_core/FE_RC_139_0/X                                                        (@)     B1->X    F     sky130_fd_sc_hs__a22o_1        2   8.2    52   148    4627  (2733.600,1744.920) 
  u_flash_core/u_dot_product_csa_tree_add_87_54_I5_I1_groupi_g800118/Y              (@)     A_N->Y   F     sky130_fd_sc_hs__nand2b_2      2  10.6    46   111    4738  (2730.240,1741.590) 
  u_flash_core/u_dot_product_csa_tree_add_87_54_I5_I1_groupi_g760153/Y              (@)     B->Y     R     sky130_fd_sc_hs__nand2_2       2   8.5    51    60    4798  (2721.600,1741.590) 
  u_flash_core/u_dot_product_csa_tree_add_87_54_I5_I1_groupi_g760148_dup/Y          (@)     A->Y     F     sky130_fd_sc_hs__nand2_2       1  10.0    42    50    4848  (2721.120,1744.920) 
  u_flash_core/FE_RC_9367_0/Y                                                       (@)     A->Y     R     sky130_fd_sc_hs__nand3_2       1   5.8    56    56    4905  (2708.640,1754.910) 
  u_flash_core/FE_RC_9368_0/Y                                                       (@)     A->Y     F     sky130_fd_sc_hs__inv_2         1  10.3    27    38    4942  (2708.640,1754.910) 
  u_flash_core/u_dot_product_csa_tree_add_87_54_I5_I1_groupi_g760109/Y              (@)     B->Y     R     sky130_fd_sc_hs__nor2_4        2  22.1   122    98    5041  (2703.360,1758.240) 
  u_flash_core/FE_RC_17_0/Y                                                         (@)     A2->Y    F     sky130_fd_sc_hs__o21ai_2       1   4.9    37    51    5092  (2677.920,1791.540) 
  u_flash_core/u_dot_product_csa_tree_add_87_54_I5_I1_groupi_g760057/COUT           (@)     CI->COUT F     sky130_fd_sc_hs__fah_2         3  25.7    92   233    5325  (2671.200,1794.870) 
  u_flash_core/u_dot_product_csa_tree_add_87_54_I5_I1_groupi_g760054/Y              (@)     A->Y     R     sky130_fd_sc_hs__nand2_2       1   5.5    44    62    5388  (2623.680,1818.180) 
  u_flash_core/u_dot_product_csa_tree_add_87_54_I5_I1_groupi_g760051/X              (@)     A->X     R     sky130_fd_sc_hs__and2_4        2  58.4   130   152    5539  (2621.760,1821.510) 
  u_flash_core/FE_RC_33_0/Y                                                         (@)     A2->Y    F     sky130_fd_sc_hs__o21ai_4       2  11.0    45    61    5601  (2593.440,2014.650) 
  u_flash_core/FE_RC_22269_0/X                                                      (@)     B2->X    F     sky130_fd_sc_hs__a22o_4        3  54.1    83   215    5816  (2586.240,2017.980) 
  u_flash_core/FE_RC_19312_0/Y                                                      (@)     A1->Y    R     sky130_fd_sc_hs__a21boi_4      3  21.3   145   155    5971  (2530.560,2144.520) 
  u_flash_core/u_dot_product_csa_tree_add_87_54_I5_I1_groupi_g760036/Y              (@)     A2->Y    F     sky130_fd_sc_hs__o21ai_4       1   7.0    38    48    6018  (2525.760,2167.830) 
  u_flash_core/FE_RC_19523_0/Y                                                      (@)     B->Y     R     sky130_fd_sc_hs__nand2_2       1  16.6    80    78    6096  (2524.320,2171.160) 
  u_flash_core/FE_RC_19522_0/Y                                                      (@)     A->Y     F     sky130_fd_sc_hs__nand2_8       4  36.6    54    62    6158  (2522.400,2171.160) 
  u_flash_core/FE_RC_19300_0/Y                                                      (@)     A->Y     R     sky130_fd_sc_hs__nand2_4       1   6.0    60    62    6220  (2507.040,2254.410) 
  u_flash_core/FE_RC_19299_0/Y                                                      (@)     A->Y     F     sky130_fd_sc_hs__nand2_2       2  15.2    57    64    6284  (2506.560,2257.740) 
  u_flash_core/FE_RC_21019_0/Y                                                      (@)     A->Y     R     sky130_fd_sc_hs__nand2_4       1  17.0   102    90    6374  (2499.360,2274.390) 
  u_flash_core/FE_RC_21018_0/Y                                                      (@)     A->Y     F     sky130_fd_sc_hs__nand2_8       3  45.5    67    72    6446  (2499.360,2274.390) 
  u_flash_core/FE_RC_11724_0/Y                                                      (@)     A->Y     R     sky130_fd_sc_hs__nand2_2       2   9.6    59    68    6514  (2500.800,2420.910) 
  u_flash_core/FE_RC_11723_0/Y                                                      (@)     A->Y     F     sky130_fd_sc_hs__nand2_2       1   6.3    42    44    6557  (2494.080,2420.910) 
  u_flash_core/FE_RC_44_0/Y                                                         (@)     A->Y     R     sky130_fd_sc_hs__nand2_2       1   7.1    49    48    6606  (2491.200,2417.580) 
  u_flash_core/FE_RC_13489_0/Y                                                      (@)     A->Y     F     sky130_fd_sc_hs__nand2_2       1  16.4    61    63    6668  (2498.400,2417.580) 
  u_flash_core/FE_OFC18040_n_1194477/X                                              (#)     A->X     F     sky130_fd_sc_hs__buf_16        4 200.7    62   132    6800  (2491.200,2417.580) 
  u_flash_core/FE_RC_14066_0/Y                                                      (@)     A2->Y    R     sky130_fd_sc_hs__o211ai_4      1   5.9   102   126    6926  (2362.080,1781.550) 
  u_flash_core/FE_RC_14064_0/Y                                                      (@)     A->Y     F     sky130_fd_sc_hs__nand2_2       1   5.5    41    48    6974  (2360.160,1781.550) 
  u_flash_core/FE_RC_14065_0/Y                                                      (@)     A->Y     R     sky130_fd_sc_hs__inv_2         2   9.9    40    48    7021  (2360.160,1781.550) 
  u_flash_core/FE_RC_20250_0/Y                                                      (@)     A2->Y    F     sky130_fd_sc_hs__o21ai_2       1   6.3    40    44    7065  (2354.400,1788.210) 
  u_flash_core/FE_RC_19923_0/Y                                                      (@)     A1->Y    R     sky130_fd_sc_hs__a21boi_2      1   5.9    93    96    7161  (2354.400,1794.870) 
  u_flash_core/FE_RC_19917_0/Y                                                      (@)     A->Y     F     sky130_fd_sc_hs__nand2_2       2   9.0    48    58    7218  (2354.400,1798.200) 
  u_flash_core/u_dot_product_add_121_47_g2176/Y                                     (@)     A->Y     R     sky130_fd_sc_hs__nand2_2       1   6.2    42    48    7266  (2354.880,1804.860) 
  u_flash_core/u_dot_product_add_121_47_g2174/Y                                     (@)     A->Y     F     sky130_fd_sc_hs__nand2_2       2  12.2    50    52    7318  (2357.280,1808.190) 
  u_flash_core/FE_RC_11068_0/Y                                                      (@)     A->Y     R     sky130_fd_sc_hs__nand2_2       1   8.6    51    55    7373  (2365.920,1804.860) 
  u_flash_core/FE_RC_11067_0/Y                                                      (@)     A->Y     F     sky130_fd_sc_hs__nand2_4       2  12.6    39    42    7415  (2365.920,1804.860) 
  u_flash_core/u_dot_product_add_121_47_g2165/Y                                     (@)     A->Y     R     sky130_fd_sc_hs__nand2_2       1   6.1    42    44    7459  (2373.600,1804.860) 
  u_flash_core/u_dot_product_add_121_47_g2163/Y                                     (@)     A->Y     F     sky130_fd_sc_hs__nand2_2       2  11.8    47    51    7510  (2376.000,1801.530) 
  u_flash_core/FE_RC_9363_0/Y                                                       (@)     A->Y     R     sky130_fd_sc_hs__nand2_2       1   5.8    43    46    7556  (2374.560,1798.200) 
  u_flash_core/FE_RC_9362_0/Y                                                       (@)     B1->Y    F     sky130_fd_sc_hs__o21ai_2       1  18.8    73    71    7627  (2374.560,1798.200) 
  u_flash_core/u_dot_product_dot_reg[35]/SCD                                        <<<     -        F     sky130_fd_sc_hs__sdfrtp_4      1     -     -     2    7629  (2352.480,1704.960) 
#------------------------------------------------------------------------------------------------------------------------------------------------------------------------------------------

(#) : Net either has Non-default Routes or has been promoted to higher metal layers.
(@) : Annotated capacitance.

