============================================================
  Generated by:           Genus(TM) Synthesis Solution 25.12-s067_1
  Generated on:           Jun 20 2026  03:14:39 am
  Module:                 flash_attn_top
  Technology libraries:   sky130_fd_sc_hs__tt_025C_1v80 1.0000000000
                          physical_cells 
  Operating conditions:   typ 
  Interconnect mode:      placement
  Area mode:              physical library
============================================================

Timing
--------

Clock Period 
-------------
clk   5000.0 


  Cost    Critical         Violating 
 Group   Path Slack  TNS     Paths   
-------------------------------------
clk             0.8   0.0          0 
default    No paths   0.0            
-------------------------------------
Total                 0.0          0 

Instance Count
--------------
Leaf Instance Count             613448 
Physical Instance count              0 
Sequential Instance Count       143156 
Combinational Instance Count    470292 
Hierarchical Instance Count          4 

Area
----
Cell Area                          10285157.347
Physical Cell Area                 0.000
Total Cell Area (Cell+Physical)    10285157.347
Net Area                           8498521.901
Total Area (Cell+Physical+Net)     18783679.248

Floorplan Utilization              76.03%
Max Fanout                         143156 (clk)
Min Fanout                         0 (UNCONNECTED100)
Average Fanout                     2.9
Terms to net ratio                 3.9456
Terms to instance ratio            4.1079
Runtime                            21372.992119999886 seconds
Elapsed Runtime                    40881 seconds
Genus peak memory usage            15189.66 
Innovus peak memory usage          8119.941406 
Hostname                           sh02lo01

Physical Data
-------------
Total Net Length                   38629645.00 um
Average Net Length                 60.60 um
Routing Congestion                 H: 0.15% V: 0.13%
