============================================================
  Generated by:           Genus(TM) Synthesis Solution 25.12-s067_1
  Generated on:           Jun 20 2026  03:16:46 am
  Module:                 flash_attn_top
  Operating conditions:   typ 
  Interconnect mode:      placement
  Area mode:              physical library
============================================================


Path 1: MET (1 ps) Setup Check with Pin u_flash_core/u_combine/m_tile_q_reg[31]/CLK->D
          Group: clk
     Startpoint: (R) u_flash_core/cons_buf_q_reg/CLK
          Clock: (R) clk
       Endpoint: (F) u_flash_core/u_combine/m_tile_q_reg[31]/D
          Clock: (R) clk

                     Capture       Launch     
        Clock Edge:+    5000            0     
       Src Latency:+       0            0     
       Net Latency:+       0 (I)     -242 (I) 
           Arrival:=    5000         -242     
                                              
             Setup:-     124                  
       Uncertainty:-      62                  
     Required Time:=    4813                  
      Launch Clock:-    -242                  
         Data Path:-    5054                  
             Slack:=       1                  

#---------------------------------------------------------------------------------------------------------------------------------------------------------------------
#                        Timing Point                          Flags    Arc    Edge            Cell              Fanout  Load Trans Delay Arrival       Instance      
#                                                                                                                        (fF)  (ps)  (ps)   (ps)        Location      
#---------------------------------------------------------------------------------------------------------------------------------------------------------------------
  u_flash_core/cons_buf_q_reg/CLK                              -       -       R     (arrival)                   143156     -   100     0    -242               (-,-) 
  u_flash_core/cons_buf_q_reg/Q                                (@)     CLK->Q  F     sky130_fd_sc_hs__dfrtp_4         3  74.9    83   297      55  (203.040,1005.660) 
  u_flash_core/FE_OFC26972_buf_row_cons_buf_q__0/Y             (@)     A->Y    R     sky130_fd_sc_hs__inv_16         11 431.7   241   179     234   (214.560,992.340) 
  u_flash_core/FE_OFC26976_buf_row_cons_buf_q__0/Y             (@)     A->Y    F     sky130_fd_sc_hs__clkinv_16       8 135.0   101   115     350   (142.080,969.030) 
  u_flash_core/FE_OFC3656_buf_row_cons_buf_q__0/X              (@)     A->X    F     sky130_fd_sc_hs__buf_16         27 214.7    65   151     501   (134.400,969.030) 
  u_flash_core/FE_RC_46_0/Y                                    (@)     B->Y    R     sky130_fd_sc_hs__nor2_4          1   3.2    46    69     570    (72.480,949.050) 
  u_flash_core/FE_RC_45_0/Y                                    (@)     A_N->Y  R     sky130_fd_sc_hs__nand2b_2        3  28.5   145   150     719    (72.480,949.050) 
  u_flash_core/u_combine/gt_265_50_I1_g3294/X                  (@)     A2->X   R     sky130_fd_sc_hs__o22a_1          1   7.2    63   139     858   (62.400,1022.310) 
  u_flash_core/u_combine/FE_RC_10208_0/Y                       (@)     A->Y    F     sky130_fd_sc_hs__nand3_2         1  16.5    86    82     940   (70.560,1018.980) 
  u_flash_core/u_combine/gt_265_50_I1_g3259/Y                  (@)     B->Y    R     sky130_fd_sc_hs__nand2_2         1  12.4    68    87    1027  (114.240,1008.990) 
  u_flash_core/u_combine/gt_265_50_I1_g3255/Y                  (@)     A->Y    F     sky130_fd_sc_hs__nand2_2         1  13.7    54    64    1090  (148.320,1008.990) 
  u_flash_core/u_combine/FE_RC_10096_0/Y                       (@)     A->Y    R     sky130_fd_sc_hs__nand4_2         1   3.7    65    52    1142  (184.800,1012.320) 
  u_flash_core/u_combine/FE_RC_10117_0/Y                       (@)     A->Y    F     sky130_fd_sc_hs__nand3_1         1   5.6    68    68    1210  (186.240,1015.650) 
  u_flash_core/u_combine/FE_RC_10118_0/Y                       (@)     A->Y    R     sky130_fd_sc_hs__inv_2           2   8.8    42    55    1265  (186.240,1015.650) 
  u_flash_core/u_combine/g2766_dup/X                           (@)     A->X    R     sky130_fd_sc_hs__and2_4          2  35.8    84   123    1388  (186.240,1008.990) 
  u_flash_core/u_combine/FE_OFC46019_n_458637/X                (@)     A->X    R     sky130_fd_sc_hs__buf_16         23 175.0   111   134    1522  (184.320,1008.990) 
  u_flash_core/u_combine/g2759/X                               (@)     A2_N->X F     sky130_fd_sc_hs__a2bb2o_4       13  80.8   103   272    1794  (110.880,1012.320) 
  u_flash_core/u_combine/gt_265_50_I2551_g1250/Y               (@)     B->Y    R     sky130_fd_sc_hs__nand2b_1        1   3.6    60    89    1884   (96.960,1108.890) 
  u_flash_core/u_combine/gt_265_50_I2551_g1222/Y               (@)     A->Y    F     sky130_fd_sc_hs__nand2_1         2   8.1    55    63    1947   (95.520,1108.890) 
  u_flash_core/u_combine/gt_265_50_I2551_g1204/Y               (@)     A->Y    R     sky130_fd_sc_hs__nor3_1          1   6.3   185   183    2130   (96.480,1105.560) 
  u_flash_core/u_combine/FE_RC_326_0/Y                         (@)     C->Y    F     sky130_fd_sc_hs__nor3_2          1   7.6    70    77    2207  (105.120,1105.560) 
  u_flash_core/u_combine/FE_RC_148_0/Y                         (@)     C->Y    R     sky130_fd_sc_hs__nand3_2         1  24.7   140   122    2329  (108.000,1102.230) 
  u_flash_core/u_combine/FE_RC_11266_0/Y                       (@)     B->Y    F     sky130_fd_sc_hs__nand3_2         1  10.7    73    92    2421  (183.360,1112.220) 
  u_flash_core/u_combine/gt_265_50_I2551_g1191/Y               (@)     C1->Y   R     sky130_fd_sc_hs__o211ai_2        1   5.6   116    59    2479  (202.080,1112.220) 
  u_flash_core/u_combine/g44123/X                              (@)     A->X    R     sky130_fd_sc_hs__and2_4          2  37.1    87   143    2622  (204.480,1108.890) 
  u_flash_core/u_combine/g46458/Y                              (@)     B->Y    F     sky130_fd_sc_hs__nand2b_2        1   5.8    33    53    2675  (223.200,1195.470) 
  u_flash_core/u_combine/g43866/Y                              (@)     B->Y    R     sky130_fd_sc_hs__nor2_2          1   5.7    63    56    2732  (224.640,1202.130) 
  u_flash_core/u_combine/g43738/X                              (@)     A->X    R     sky130_fd_sc_hs__and2_4          5  64.1   138   167    2898  (227.520,1202.130) 
  u_flash_core/u_combine/FE_OFC48226_n_459289/Y                (@)     A->Y    F     sky130_fd_sc_hs__inv_4           2  21.2    46    53    2951  (208.800,1202.130) 
  u_flash_core/u_combine/FE_OCPC65698_FE_OFN2399409_n_459289/X (@)     A->X    F     sky130_fd_sc_hs__buf_16         10  84.3    37   107    3058  (200.640,1202.130) 
  u_flash_core/u_combine/FE_RC_392_0/Y                         (@)     A2->Y   R     sky130_fd_sc_hs__o21ai_2         1   9.4   122   113    3171  (155.520,1202.130) 
  u_flash_core/u_combine/g42782/Y                              (@)     B1->Y   F     sky130_fd_sc_hs__a22oi_2         1  15.7    88    84    3255  (158.400,1215.450) 
  u_flash_core/u_combine/FE_RC_258_0/Y                         (@)     C->Y    R     sky130_fd_sc_hs__nand3_2         1   5.6    57    80    3335  (155.520,1262.070) 
  u_flash_core/u_combine/FE_RC_259_0/Y                         (@)     A->Y    F     sky130_fd_sc_hs__inv_2           2  21.1    42    53    3389  (155.520,1262.070) 
  u_flash_core/u_combine/g41526/Y                              (@)     A->Y    R     sky130_fd_sc_hs__nand3_4         2  11.5   101    70    3459  (156.480,1288.710) 
  u_flash_core/u_combine/gt_265_50_I12_g1247/Y                 (@)     A_N->Y  R     sky130_fd_sc_hs__nand2b_2        2  13.0   113   120    3579  (159.840,1318.680) 
  u_flash_core/u_combine/FE_RC_10403_0/Y                       (@)     B->Y    F     sky130_fd_sc_hs__nand3_2         1   7.5    58    74    3654  (162.240,1318.680) 
  u_flash_core/u_combine/FE_RC_97_0/Y                          (@)     A2->Y   R     sky130_fd_sc_hs__o2111ai_2       1  12.3   190   170    3823  (171.840,1315.350) 
  u_flash_core/u_combine/gt_265_50_I12_g1194/Y                 (@)     A->Y    F     sky130_fd_sc_hs__nor2_2          1   7.4    68    92    3914  (206.400,1318.680) 
  u_flash_core/u_combine/gt_265_50_I12_g1193/Y                 (@)     A->Y    R     sky130_fd_sc_hs__nand2_2         2  11.0    61    68    3982  (206.400,1308.690) 
  u_flash_core/u_combine/gt_265_50_I12_g1191/Y                 (@)     A->Y    F     sky130_fd_sc_hs__nand2_2         3  17.7    64    69    4052  (204.000,1308.690) 
  u_flash_core/u_combine/g163119/Y                             (@)     A->Y    R     sky130_fd_sc_hs__nand2_2         3  34.1   144   123    4175  (201.600,1305.360) 
  u_flash_core/u_combine/FE_RC_10723_0/Y                       (@)     C->Y    F     sky130_fd_sc_hs__nand4_2         2   9.7   102   114    4289  (176.160,1245.420) 
  u_flash_core/u_combine/g170038/Y                             (@)     B->Y    R     sky130_fd_sc_hs__nand3b_2        1   8.7    75    86    4376  (172.320,1245.420) 
  u_flash_core/u_combine/FE_OFC39610_n_460129/Y                (@)     A->Y    F     sky130_fd_sc_hs__bufinv_16      33 236.7    72   158    4534  (173.280,1245.420) 
  u_flash_core/u_combine/g150945/Y                             (@)     A->Y    R     sky130_fd_sc_hs__nand2_2         1   8.2   121    98    4632  (263.520,1318.680) 
  u_flash_core/u_combine/g150878/Y                             (@)     A->Y    F     sky130_fd_sc_hs__nand2_2         1   3.5    37    42    4674  (264.000,1335.330) 
  u_flash_core/u_combine/g150847/Y                             (@)     B1->Y   R     sky130_fd_sc_hs__a21oi_1         1   4.1   105    91    4765  (261.120,1335.330) 
  u_flash_core/u_combine/g150784/Y                             (@)     A->Y    F     sky130_fd_sc_hs__nand2_1         1   3.0    38    47    4812  (260.640,1341.990) 
  u_flash_core/u_combine/m_tile_q_reg[31]/D                    <<<     -       F     sky130_fd_sc_hs__dfrtp_2         1     -     -     0    4812  (255.360,1338.660) 
#---------------------------------------------------------------------------------------------------------------------------------------------------------------------

(@) : Annotated capacitance.

